<?xml version="1.0" encoding="UTF-8"?>
<!-- Generated by org.testng.reporters.JUnitXMLReporter -->
<testsuite ignored="0" hostname="MSI" failures="1" tests="3" name="Error Validations Test" time="45.496" errors="0" timestamp="2025-03-21T11:37:13 IST">
  <testcase classname="rahulshettyacademy.tests.ErrorValidationsTest" name="loginErrorValidation" time="0.799">
    <skipped/>
  </testcase> <!-- loginErrorValidation -->
  <testcase classname="rahulshettyacademy.tests.ErrorValidationsTest" name="loginErrorValidation" time="0.655">
    <failure type="java.lang.AssertionError" message="expected [Incorrect email or password.] but found [Incorrect email password.]">
      <![CDATA[java.lang.AssertionError: expected [Incorrect email or password.] but found [Incorrect email password.]
at rahulshettyacademy.tests.ErrorValidationsTest.loginErrorValidation(ErrorValidationsTest.java:35)
at java.base/java.util.ArrayList.forEach(ArrayList.java:1597)
at java.base/java.util.concurrent.FutureTask.run(FutureTask.java:317)
at java.base/java.util.concurrent.ThreadPoolExecutor.runWorker(ThreadPoolExecutor.java:1144)
at java.base/java.util.concurrent.ThreadPoolExecutor$Worker.run(ThreadPoolExecutor.java:642)
at java.base/java.lang.Thread.run(Thread.java:1575)
... Removed 21 stack frames]]>
    </failure>
  </testcase> <!-- loginErrorValidation -->
  <testcase classname="rahulshettyacademy.tests.ErrorValidationsTest" name="productErrorValidation" time="13.941"/>
</testsuite> <!-- Error Validations Test -->
