<?xml version="1.0" encoding="UTF-8"?>
<testng-results ignored="0" total="5" passed="5" failed="0" skipped="0">
  <reporter-output>
  </reporter-output>
  <suite started-at="2025-03-24T12:23:16 IST" name="Suite" finished-at="2025-03-24T12:23:59 IST" duration-ms="42584">
    <groups>
      <group name="ErrorHandling">
        <method signature="ErrorValidationsTest.loginErrorValidation()[pri:0, instance:rahulshettyacademy.tests.ErrorValidationsTest@1f9f6368]" name="loginErrorValidation" class="rahulshettyacademy.tests.ErrorValidationsTest"/>
      </group> <!-- ErrorHandling -->
      <group name="Purchase">
        <method signature="SubmitOrderTest.submitOrder(java.util.HashMap)[pri:0, instance:rahulshettyacademy.tests.SubmitOrderTest@3de8f619]" name="submitOrder" class="rahulshettyacademy.tests.SubmitOrderTest"/>
      </group> <!-- Purchase -->
    </groups>
    <test started-at="2025-03-24T12:23:16 IST" name="Error Validations Test" finished-at="2025-03-24T12:23:50 IST" duration-ms="34213">
      <class name="rahulshettyacademy.tests.ErrorValidationsTest">
        <test-method is-config="true" signature="launchApplication()[pri:0, instance:rahulshettyacademy.tests.ErrorValidationsTest@1f9f6368]" started-at="2025-03-24T12:23:16 IST" name="launchApplication" finished-at="2025-03-24T12:23:22 IST" duration-ms="6055" status="PASS">
          <reporter-output>
          </reporter-output>
        </test-method> <!-- launchApplication -->
        <test-method signature="loginErrorValidation()[pri:0, instance:rahulshettyacademy.tests.ErrorValidationsTest@1f9f6368]" started-at="2025-03-24T12:23:22 IST" name="loginErrorValidation" finished-at="2025-03-24T12:23:23 IST" duration-ms="512" status="PASS">
          <reporter-output>
          </reporter-output>
        </test-method> <!-- loginErrorValidation -->
        <test-method is-config="true" signature="tearDown()[pri:0, instance:rahulshettyacademy.tests.ErrorValidationsTest@1f9f6368]" started-at="2025-03-24T12:23:23 IST" name="tearDown" finished-at="2025-03-24T12:23:23 IST" duration-ms="101" status="PASS">
          <reporter-output>
          </reporter-output>
        </test-method> <!-- tearDown -->
        <test-method is-config="true" signature="launchApplication()[pri:0, instance:rahulshettyacademy.tests.ErrorValidationsTest@1f9f6368]" started-at="2025-03-24T12:23:23 IST" name="launchApplication" finished-at="2025-03-24T12:23:27 IST" duration-ms="4060" status="PASS">
          <reporter-output>
          </reporter-output>
        </test-method> <!-- launchApplication -->
        <test-method signature="productErrorValidation()[pri:0, instance:rahulshettyacademy.tests.ErrorValidationsTest@1f9f6368]" started-at="2025-03-24T12:23:27 IST" name="productErrorValidation" finished-at="2025-03-24T12:23:50 IST" duration-ms="23360" status="PASS">
          <reporter-output>
          </reporter-output>
        </test-method> <!-- productErrorValidation -->
        <test-method is-config="true" signature="tearDown()[pri:0, instance:rahulshettyacademy.tests.ErrorValidationsTest@1f9f6368]" started-at="2025-03-24T12:23:50 IST" name="tearDown" finished-at="2025-03-24T12:23:50 IST" duration-ms="74" status="PASS">
          <reporter-output>
          </reporter-output>
        </test-method> <!-- tearDown -->
      </class> <!-- rahulshettyacademy.tests.ErrorValidationsTest -->
    </test> <!-- Error Validations Test -->
    <test started-at="2025-03-24T12:23:16 IST" name="Submit Order Test" finished-at="2025-03-24T12:23:59 IST" duration-ms="42584">
      <class name="rahulshettyacademy.tests.SubmitOrderTest">
        <test-method is-config="true" signature="launchApplication()[pri:0, instance:rahulshettyacademy.tests.SubmitOrderTest@3de8f619]" started-at="2025-03-24T12:23:16 IST" name="launchApplication" finished-at="2025-03-24T12:23:22 IST" duration-ms="5608" status="PASS">
          <reporter-output>
          </reporter-output>
        </test-method> <!-- launchApplication -->
        <test-method signature="submitOrder(java.util.HashMap)[pri:0, instance:rahulshettyacademy.tests.SubmitOrderTest@3de8f619]" started-at="2025-03-24T12:23:22 IST" name="submitOrder" data-provider="getData" finished-at="2025-03-24T12:23:36 IST" duration-ms="14396" status="PASS">
          <params>
            <param index="0">
              <value>
                <![CDATA[{password=Rahulshetty@1, product=ZARA COAT 3, email=a13bc@gmail.com}]]>
              </value>
            </param>
          </params>
          <reporter-output>
          </reporter-output>
        </test-method> <!-- submitOrder -->
        <test-method is-config="true" signature="tearDown()[pri:0, instance:rahulshettyacademy.tests.SubmitOrderTest@3de8f619]" started-at="2025-03-24T12:23:36 IST" name="tearDown" finished-at="2025-03-24T12:23:37 IST" duration-ms="171" status="PASS">
          <reporter-output>
          </reporter-output>
        </test-method> <!-- tearDown -->
        <test-method is-config="true" signature="launchApplication()[pri:0, instance:rahulshettyacademy.tests.SubmitOrderTest@3de8f619]" started-at="2025-03-24T12:23:37 IST" name="launchApplication" finished-at="2025-03-24T12:23:41 IST" duration-ms="4113" status="PASS">
          <reporter-output>
          </reporter-output>
        </test-method> <!-- launchApplication -->
        <test-method signature="submitOrder(java.util.HashMap)[pri:0, instance:rahulshettyacademy.tests.SubmitOrderTest@3de8f619]" started-at="2025-03-24T12:23:41 IST" name="submitOrder" data-provider="getData" finished-at="2025-03-24T12:23:55 IST" duration-ms="14104" status="PASS">
          <params>
            <param index="0">
              <value>
                <![CDATA[{password=Rahulshetty@1, product=ADIDAS ORIGINAL, email=a13bc@gmail.com}]]>
              </value>
            </param>
          </params>
          <reporter-output>
          </reporter-output>
        </test-method> <!-- submitOrder -->
        <test-method is-config="true" signature="tearDown()[pri:0, instance:rahulshettyacademy.tests.SubmitOrderTest@3de8f619]" started-at="2025-03-24T12:23:55 IST" name="tearDown" finished-at="2025-03-24T12:23:55 IST" duration-ms="125" status="PASS">
          <reporter-output>
          </reporter-output>
        </test-method> <!-- tearDown -->
        <test-method is-config="true" signature="launchApplication()[pri:0, instance:rahulshettyacademy.tests.SubmitOrderTest@3de8f619]" started-at="2025-03-24T12:23:55 IST" name="launchApplication" finished-at="2025-03-24T12:23:58 IST" duration-ms="3068" status="PASS">
          <reporter-output>
          </reporter-output>
        </test-method> <!-- launchApplication -->
        <test-method signature="orderHistoryTest()[pri:0, instance:rahulshettyacademy.tests.SubmitOrderTest@3de8f619]" started-at="2025-03-24T12:23:58 IST" name="orderHistoryTest" finished-at="2025-03-24T12:23:59 IST" depends-on-methods="rahulshettyacademy.tests.SubmitOrderTest.submitOrder" duration-ms="560" status="PASS">
          <reporter-output>
          </reporter-output>
        </test-method> <!-- orderHistoryTest -->
        <test-method is-config="true" signature="tearDown()[pri:0, instance:rahulshettyacademy.tests.SubmitOrderTest@3de8f619]" started-at="2025-03-24T12:23:59 IST" name="tearDown" finished-at="2025-03-24T12:23:59 IST" duration-ms="185" status="PASS">
          <reporter-output>
          </reporter-output>
        </test-method> <!-- tearDown -->
      </class> <!-- rahulshettyacademy.tests.SubmitOrderTest -->
    </test> <!-- Submit Order Test -->
  </suite> <!-- Suite -->
</testng-results>
